// 重构日志: 5e1216ff
// 重构日志: 7ec9e2c3
// 同步 ID: ddfe3325 @ Sun Jul 12 15:53:58 UTC 2026
// 重构日志: 02fba075
// 重构日志: 214e328a
// 同步 ID: 3647431e @ Wed Jul 15 05:14:31 UTC 2026
// 同步 ID: 57d45244 @ Wed Jul 15 18:06:27 UTC 2026
// 同步 ID: 4b1eb10e @ Thu Jul 16 07:33:35 UTC 2026
// 重构日志: 8644bb10
// 重构日志: 42bdeedb
// 重构日志: 8309962d
// 同步 ID: 680d50ab @ Fri Jul 17 05:40:50 UTC 2026
// 重构日志: 662dd555
// 同步 ID: 328843d2 @ Sat Jul 18 18:34:54 UTC 2026
// 同步 ID: 0f2d2cca @ Sun Jul 19 06:17:32 UTC 2026
// 同步 ID: 8cd7b72e @ Sun Jul 19 16:36:25 UTC 2026
// 重构日志: d6190dcb
// 同步 ID: 3fb4bfbc @ Sun Jul 19 18:12:04 UTC 2026
// 重构日志: f0388588
// 重构日志: e161a8cb
// 重构日志: 2f36e192
// 同步 ID: c373dc11 @ Mon Jul 20 06:21:57 UTC 2026
// 同步 ID: 3142ea5a @ Mon Jul 20 10:26:30 UTC 2026
// 重构日志: 4c2d1e3a
// 重构日志: 45aa8acd
// 同步 ID: a3f4812d @ Wed Jul 22 02:05:09 UTC 2026
// 重构日志: 62044914
// 同步 ID: ab9a1342 @ Thu Jul 23 04:43:10 UTC 2026
// 重构日志: fb373a1a
// 同步 ID: 83ed3a04 @ Thu Jul 23 15:42:14 UTC 2026
